<?xml version="1.0" encoding="UTF-8"?>
<!-- Generated by org.testng.reporters.JUnitReportReporter -->
<testsuite skipped="1" hostname="DESKTOP-LT0H2AE" name="com.app.carrental.runners.CukesRunner" tests="1" failures="0" timestamp="13 Aug 2019 21:03:40 GMT" time="0.156" errors="0">
  <testcase name="runScenario" time="0.156" classname="com.app.carrental.runners.CukesRunner">
    <skipped/>
  </testcase> <!-- runScenario -->
</testsuite> <!-- com.app.carrental.runners.CukesRunner -->
