<?xml version="1.0" encoding="UTF-8"?>
<!-- Generated by org.testng.reporters.JUnitReportReporter -->
<testsuite hostname="AvaGato-Macbook.local" failures="0" tests="1" name="com.app.carrental.runners.CukesRunner" time="1.561" errors="0" timestamp="17 Aug 2019 02:07:46 GMT" skipped="0">
  <testcase classname="com.app.carrental.runners.CukesRunner" name="runScenario" time="1.561"/>
</testsuite> <!-- com.app.carrental.runners.CukesRunner -->
