<?xml version="1.0" encoding="UTF-8"?>
<!-- Generated by org.testng.reporters.JUnitReportReporter -->
<testsuite skipped="0" hostname="DESKTOP-LT0H2AE" name="com.app.carrental.runners.CukesRunner" tests="1" failures="0" timestamp="15 Aug 2019 16:37:25 GMT" time="2.513" errors="0">
  <testcase name="runScenario" time="2.513" classname="com.app.carrental.runners.CukesRunner"/>
</testsuite> <!-- com.app.carrental.runners.CukesRunner -->
